Running: fuse.exe -relaunch -intstyle "ise" -incremental -o "C:/logiccircuit/Waitinglist_onyu/total_TB_isim_beh.exe" -prj "C:/logiccircuit/Waitinglist_onyu/total_TB_beh.prj" "total_TB" 
ISim P.20131013 (signature 0x7708f090)
Number of CPUs detected in this system: 6
Turning on mult-threading, number of parallel sub-compilation jobs: 12 
Determining compilation order of HDL files
Parsing VHDL file "C:/logiccircuit/Waitinglist_onyu/mode.vhd" into library work
Parsing VHDL file "C:/logiccircuit/Waitinglist_onyu/LCD_display.vhd" into library work
Parsing VHDL file "C:/logiccircuit/Waitinglist_onyu/data.vhd" into library work
Parsing VHDL file "C:/logiccircuit/Waitinglist_onyu/clock.vhd" into library work
Parsing VHDL file "C:/logiccircuit/Waitinglist_onyu/waitinglist.vhd" into library work
Parsing VHDL file "C:/logiccircuit/Waitinglist_onyu/total_TB.vhd" into library work
Starting static elaboration
Completed static elaboration
Compiling package standard
Compiling package std_logic_1164
Compiling package std_logic_arith
Compiling package std_logic_unsigned
Compiling architecture behavioral of entity data [data_default]
Compiling architecture behavioral of entity mode [mode_default]
Compiling architecture behavioral of entity LCD_display [lcd_display_default]
Compiling architecture behavioral of entity clock [clock_default]
Compiling architecture behavioral of entity waitinglist [waitinglist_default]
Compiling architecture behavior of entity total_tb
Time Resolution for simulation is 1ps.
Waiting for 1 sub-compilation(s) to finish...
WARNING:Simulator - Unable to copy libPortabilityNOSH.dll to the simulation executable directory: boost::filesystem::copy_file: 지정된 경로를 찾을 수 없습니다, "isim\total_TB_isim_beh.exe.sim\libPortability.dll".
Compiled 15 VHDL Units
Built simulation executable C:/logiccircuit/Waitinglist_onyu/total_TB_isim_beh.exe
Fuse Memory Usage: 35716 KB
Fuse CPU Usage: 546 ms
