Command line:
   data_TB_isim_beh.exe
     -simmode  gui
     -simrunnum  0
     -socket  5032

Wed Dec 02 15:30:44 2020


 Elaboration Time: 0.03125 sec

 Current Memory Usage: 5163.53 Meg

 Total Signals          : 45
 Total Nets             : 356
 Total Signal Drivers   : 29
 Total Blocks           : 5
 Total Primitive Blocks : 4
 Total Processes        : 16
 Total Traceable Variables  : 11
 Total Scalar Nets and Variables : 735
Total Line Count : 139

 Total Simulation Time: 5.375 sec

 Current Memory Usage: 5478.11 Meg

Wed Dec 02 15:31:30 2020

